[2024-12-19 08:03:35] [67] [WARN] Reporting disabled: using no op test run registrar
[2024-12-19 08:03:35] [67] [INFO] TEST [EbayTests - testShoppingCartAdd] STARTED at [17:03:35 2024-12-19]
[2024-12-19 08:03:35] [67] [INFO] Starting driver session...
[2024-12-19 08:03:35] [67] [ERROR] TEST [EbayTests - testShoppingCartAdd] FAILED at [17:03:35 2024-12-19] - Could not start a new session. Possible causes are invalid address of the remote server or browser start-up failure. 
Host info: host: 'solvds-MBP.fibertel.com.ar', ip: 'fe80:0:0:0:1803:b97b:f7ff:1dbb%en0'
Build info: version: '4.7.0', revision: '0a5b49d16f'
System info: os.name: 'Mac OS X', os.arch: 'x86_64', os.version: '15.1.1', java.version: '21.0.5'
Driver info: org.openqa.selenium.remote.RemoteWebDriver
Command: [null, newSession {capabilities=[Capabilities {acceptInsecureCerts: true, browserName: chrome, goog:chromeOptions: {args: [--test-type, --start-maximized, --ignore-ssl-errors], extensions: []}}], desiredCapabilities=Capabilities {acceptInsecureCerts: true, browserName: chrome, goog:chromeOptions: {args: [--test-type, --start-maximized, --ignore-ssl-errors], extensions: []}}}]
Capabilities {}

org.openqa.selenium.remote.RemoteWebDriver.execute(RemoteWebDriver.java:559)
org.openqa.selenium.remote.RemoteWebDriver.startSession(RemoteWebDriver.java:242)
org.openqa.selenium.remote.RemoteWebDriver.<init>(RemoteWebDriver.java:157)
com.zebrunner.carina.webdriver.core.factory.impl.DesktopFactory.create(DesktopFactory.java:85)
com.zebrunner.carina.webdriver.core.factory.DriverFactory.create(DriverFactory.java:87)
com.zebrunner.carina.webdriver.IDriverPool.createDriver(IDriverPool.java:364)
com.zebrunner.carina.webdriver.IDriverPool.getDriver(IDriverPool.java:117)
com.zebrunner.carina.webdriver.IDriverPool.getDriver(IDriverPool.java:80)
com.zebrunner.carina.webdriver.IDriverPool.getDriver(IDriverPool.java:68)
com.solvd.carina.demo.GUITests.addProductToShoppingCart(GUITests.java:112)
com.solvd.carina.demo.GUITests.testShoppingCartAdd(GUITests.java:33)
java.base/jdk.internal.reflect.DirectMethodHandleAccessor.invoke(DirectMethodHandleAccessor.java:103)
java.base/java.lang.reflect.Method.invoke(Method.java:580)
org.testng.internal.invokers.MethodInvocationHelper.invokeMethod(MethodInvocationHelper.java:139)
org.testng.internal.invokers.TestInvoker.invokeMethod(TestInvoker.java:677)
org.testng.internal.invokers.TestInvoker.invokeTestMethod(TestInvoker.java:221)
org.testng.internal.invokers.MethodRunner.runInSequence(MethodRunner.java:50)
org.testng.internal.invokers.TestInvoker$MethodInvocationAgent.invoke(TestInvoker.java:969)
org.testng.internal.invokers.TestInvoker.invokeTestMethods(TestInvoker.java:194)
org.testng.internal.invokers.TestMethodWorker.invokeTestMethods(TestMethodWorker.java:148)
org.testng.internal.invokers.TestMethodWorker.run(TestMethodWorker.java:128)
java.base/java.util.ArrayList.forEach(ArrayList.java:1596)
org.testng.TestRunner.privateRun(TestRunner.java:829)
org.testng.TestRunner.run(TestRunner.java:602)
org.testng.SuiteRunner.runTest(SuiteRunner.java:437)
org.testng.SuiteRunner$SuiteWorker.run(SuiteRunner.java:475)
org.testng.internal.thread.ThreadUtil.lambda$execute$0(ThreadUtil.java:58)
java.base/java.util.concurrent.FutureTask.run(FutureTask.java:317)
java.base/java.util.concurrent.ThreadPoolExecutor.runWorker(ThreadPoolExecutor.java:1144)
java.base/java.util.concurrent.ThreadPoolExecutor$Worker.run(ThreadPoolExecutor.java:642)
java.base/java.lang.Thread.run(Thread.java:1583)
