[2024-12-18 01:32:23] [67] [WARN] Reporting disabled: using no op test run registrar
[2024-12-18 01:32:23] [67] [INFO] TEST [EbayTests - testShoppingCartRemove] STARTED at [10:32:23 2024-12-18]
[2024-12-18 01:32:23] [67] [INFO] Starting driver session...
[2024-12-18 01:32:28] [67] [INFO] Driver session started.
[2024-12-18 01:32:28] [67] [INFO] INFO: opening url 'https://www.ebay.com'
[2024-12-18 01:32:30] [67] [INFO] PASS: keys 't-shirt' are sent to element 'searchBox'.
[2024-12-18 01:32:35] [67] [INFO] PASS: element 'searchButton' is clicked.
[2024-12-18 01:32:37] [67] [INFO] PASS: element 'title' is clicked.
[2024-12-18 01:32:39] [67] [INFO] PASS: element 'selectOptionButtons0' is clicked.
[2024-12-18 01:32:40] [67] [INFO] PASS: element 'availableOptions2' is clicked.
[2024-12-18 01:32:41] [67] [INFO] PASS: element 'selectOptionButtons1' is clicked.
[2024-12-18 01:32:42] [67] [INFO] PASS: element 'availableOptions7' is clicked.
[2024-12-18 01:33:03] [67] [ERROR] Your retry_interval is too low: 100 ms! Increase it or upgrade your hardware
[2024-12-18 01:33:26] [67] [INFO] PASS: element 'addToCartButton' is clicked.
[2024-12-18 01:33:27] [67] [INFO] PASS: element 'removeButton' is clicked.
[2024-12-18 01:33:28] [67] [ERROR] TEST [EbayTests - testShoppingCartRemove] FAILED at [10:33:28 2024-12-18] - expected [0] but found [1]

org.testng.Assert.fail(Assert.java:110)
org.testng.Assert.failNotEquals(Assert.java:1577)
org.testng.Assert.assertEqualsImpl(Assert.java:149)
org.testng.Assert.assertEquals(Assert.java:131)
org.testng.Assert.assertEquals(Assert.java:1418)
org.testng.Assert.assertEquals(Assert.java:1382)
org.testng.Assert.assertEquals(Assert.java:1428)
com.solvd.carina.demo.GUITests.testShoppingCartRemove(GUIEbayTests.java:81)
java.base/jdk.internal.reflect.DirectMethodHandleAccessor.invoke(DirectMethodHandleAccessor.java:103)
java.base/java.lang.reflect.Method.invoke(Method.java:580)
org.testng.internal.invokers.MethodInvocationHelper.invokeMethod(MethodInvocationHelper.java:139)
org.testng.internal.invokers.TestInvoker.invokeMethod(TestInvoker.java:677)
org.testng.internal.invokers.TestInvoker.invokeTestMethod(TestInvoker.java:221)
org.testng.internal.invokers.MethodRunner.runInSequence(MethodRunner.java:50)
org.testng.internal.invokers.TestInvoker$MethodInvocationAgent.invoke(TestInvoker.java:969)
org.testng.internal.invokers.TestInvoker.invokeTestMethods(TestInvoker.java:194)
org.testng.internal.invokers.TestMethodWorker.invokeTestMethods(TestMethodWorker.java:148)
org.testng.internal.invokers.TestMethodWorker.run(TestMethodWorker.java:128)
java.base/java.util.ArrayList.forEach(ArrayList.java:1596)
org.testng.TestRunner.privateRun(TestRunner.java:829)
org.testng.TestRunner.run(TestRunner.java:602)
org.testng.SuiteRunner.runTest(SuiteRunner.java:437)
org.testng.SuiteRunner$SuiteWorker.run(SuiteRunner.java:475)
org.testng.internal.thread.ThreadUtil.lambda$execute$0(ThreadUtil.java:58)
java.base/java.util.concurrent.FutureTask.run(FutureTask.java:317)
java.base/java.util.concurrent.ThreadPoolExecutor.runWorker(ThreadPoolExecutor.java:1144)
java.base/java.util.concurrent.ThreadPoolExecutor$Worker.run(ThreadPoolExecutor.java:642)
java.base/java.lang.Thread.run(Thread.java:1583)
