[2024-12-20 02:09:29] [67] [WARN] Reporting disabled: using no op test run registrar
[2024-12-20 02:09:29] [67] [INFO] TEST [EbayTests - testCategoryShowResults [L01]] STARTED at [11:09:29 2024-12-20]
[2024-12-20 02:09:29] [67] [INFO] Starting driver session...
[2024-12-20 02:09:31] [67] [INFO] Driver session started.
[2024-12-20 02:09:31] [67] [INFO] INFO: opening url 'https://www.ebay.co.uk'
[2024-12-20 02:09:34] [67] [INFO] PASS: element 'categoriesSelect' is clicked.
[2024-12-20 02:09:35] [67] [INFO] PASS: element 'options34' is clicked.
[2024-12-20 02:09:39] [67] [INFO] PASS: element 'searchButton' is clicked.
[2024-12-20 02:09:39] [67] [ERROR] Implement appropriate AbstractUIObject constructor for auto-initialization: com.solvd.carina.demo.gui.components.ProductCategoryComponent.<init>(org.openqa.selenium.WebDriver,org.openqa.selenium.SearchContext)
[2024-12-20 02:09:39] [67] [ERROR] TEST [EbayTests - testCategoryShowResults [L01]] FAILED at [11:09:39 2024-12-20] - Implement appropriate AbstractUIObject constructor for auto-initialization: com.solvd.carina.demo.gui.components.ProductCategoryComponent.<init>(org.openqa.selenium.WebDriver,org.openqa.selenium.SearchContext)

com.zebrunner.carina.webdriver.locator.internal.AbstractUIObjectListHandler.invoke(AbstractUIObjectListHandler.java:113)
jdk.proxy2/jdk.proxy2.$Proxy89.stream(Unknown Source)
com.solvd.carina.demo.gui.pages.desktop.CategoryPage.getProducts(CategoryPage.java:26)
com.solvd.carina.demo.GUITests.testCategoryShowResults(GUITests.java:90)
java.base/jdk.internal.reflect.DirectMethodHandleAccessor.invoke(DirectMethodHandleAccessor.java:103)
java.base/java.lang.reflect.Method.invoke(Method.java:580)
org.testng.internal.invokers.MethodInvocationHelper.invokeMethod(MethodInvocationHelper.java:139)
org.testng.internal.invokers.TestInvoker.invokeMethod(TestInvoker.java:677)
org.testng.internal.invokers.TestInvoker.invokeTestMethod(TestInvoker.java:221)
org.testng.internal.invokers.MethodRunner.runInSequence(MethodRunner.java:50)
org.testng.internal.invokers.TestInvoker$MethodInvocationAgent.invoke(TestInvoker.java:969)
org.testng.internal.invokers.TestInvoker.invokeTestMethods(TestInvoker.java:194)
org.testng.internal.invokers.TestMethodWorker.invokeTestMethods(TestMethodWorker.java:148)
org.testng.internal.invokers.TestMethodWorker.run(TestMethodWorker.java:128)
java.base/java.util.ArrayList.forEach(ArrayList.java:1596)
org.testng.TestRunner.privateRun(TestRunner.java:829)
org.testng.TestRunner.run(TestRunner.java:602)
org.testng.SuiteRunner.runTest(SuiteRunner.java:437)
org.testng.SuiteRunner$SuiteWorker.run(SuiteRunner.java:475)
org.testng.internal.thread.ThreadUtil.lambda$execute$0(ThreadUtil.java:58)
java.base/java.util.concurrent.FutureTask.run(FutureTask.java:317)
java.base/java.util.concurrent.ThreadPoolExecutor.runWorker(ThreadPoolExecutor.java:1144)
java.base/java.util.concurrent.ThreadPoolExecutor$Worker.run(ThreadPoolExecutor.java:642)
java.base/java.lang.Thread.run(Thread.java:1583)
