[2024-12-20 06:20:02] [67] [WARN] Reporting disabled: using no op test run registrar
[2024-12-20 06:20:02] [67] [INFO] TEST [EbayTests - testShoppingCartRemove] STARTED at [15:20:02 2024-12-20]
[2024-12-20 06:20:02] [67] [INFO] Starting driver session...
[2024-12-20 06:20:03] [67] [INFO] Driver session started.
[2024-12-20 06:20:03] [67] [INFO] INFO: opening url 'https://www.ebay.co.uk'
[2024-12-20 06:20:05] [67] [INFO] PASS: keys 't-shirt' are sent to element 'searchBox'.
[2024-12-20 06:20:06] [67] [INFO] PASS: element 'searchButton' is clicked.
[2024-12-20 06:20:09] [67] [WARN] Unable to capture screenshot during 3 sec!
[2024-12-20 06:20:09] [67] [ERROR] TEST [EbayTests - testShoppingCartRemove] FAILED at [15:20:09 2024-12-20] - bound must be positive

java.base/java.util.Random.nextInt(Random.java:557)
com.solvd.carina.demo.gui.pages.desktop.ProductListPage.clickOnRandomProduct(ProductListPage.java:36)
com.solvd.carina.demo.GUITests.addProductToShoppingCart(GUITests.java:100)
com.solvd.carina.demo.GUITests.testShoppingCartRemove(GUITests.java:39)
java.base/jdk.internal.reflect.DirectMethodHandleAccessor.invoke(DirectMethodHandleAccessor.java:103)
java.base/java.lang.reflect.Method.invoke(Method.java:580)
org.testng.internal.invokers.MethodInvocationHelper.invokeMethod(MethodInvocationHelper.java:139)
org.testng.internal.invokers.TestInvoker.invokeMethod(TestInvoker.java:677)
org.testng.internal.invokers.TestInvoker.invokeTestMethod(TestInvoker.java:221)
org.testng.internal.invokers.MethodRunner.runInSequence(MethodRunner.java:50)
org.testng.internal.invokers.TestInvoker$MethodInvocationAgent.invoke(TestInvoker.java:969)
org.testng.internal.invokers.TestInvoker.invokeTestMethods(TestInvoker.java:194)
org.testng.internal.invokers.TestMethodWorker.invokeTestMethods(TestMethodWorker.java:148)
org.testng.internal.invokers.TestMethodWorker.run(TestMethodWorker.java:128)
java.base/java.util.ArrayList.forEach(ArrayList.java:1596)
org.testng.TestRunner.privateRun(TestRunner.java:829)
org.testng.TestRunner.run(TestRunner.java:602)
org.testng.SuiteRunner.runTest(SuiteRunner.java:437)
org.testng.SuiteRunner$SuiteWorker.run(SuiteRunner.java:475)
org.testng.internal.thread.ThreadUtil.lambda$execute$0(ThreadUtil.java:58)
java.base/java.util.concurrent.FutureTask.run(FutureTask.java:317)
java.base/java.util.concurrent.ThreadPoolExecutor.runWorker(ThreadPoolExecutor.java:1144)
java.base/java.util.concurrent.ThreadPoolExecutor$Worker.run(ThreadPoolExecutor.java:642)
java.base/java.lang.Thread.run(Thread.java:1583)
