[2024-12-18 01:42:29] [67] [WARN] Reporting disabled: using no op test run registrar
[2024-12-18 01:42:29] [67] [INFO] TEST [EbayTests - testShoppingCartRemove] STARTED at [10:42:29 2024-12-18]
[2024-12-18 01:42:29] [67] [INFO] Starting driver session...
[2024-12-18 01:42:34] [67] [INFO] Driver session started.
[2024-12-18 01:42:34] [67] [INFO] INFO: opening url 'https://www.ebay.com'
[2024-12-18 01:42:36] [67] [INFO] PASS: keys 't-shirt' are sent to element 'searchBox'.
[2024-12-18 01:42:41] [67] [INFO] PASS: element 'searchButton' is clicked.
[2024-12-18 01:42:43] [67] [INFO] PASS: element 'title' is clicked.
[2024-12-18 01:42:44] [67] [INFO] PASS: element 'selectOptionButtons0' is clicked.
[2024-12-18 01:42:45] [67] [INFO] PASS: element 'availableOptions1' is clicked.
[2024-12-18 01:42:46] [67] [INFO] PASS: element 'selectOptionButtons1' is clicked.
[2024-12-18 01:42:47] [67] [INFO] PASS: element 'availableOptions3' is clicked.
[2024-12-18 01:43:08] [67] [ERROR] Your retry_interval is too low: 100 ms! Increase it or upgrade your hardware
[2024-12-18 01:43:31] [67] [INFO] PASS: element 'addToCartButton' is clicked.
[2024-12-18 01:43:31] [67] [INFO] PASS: element 'removeButton' is clicked.
[2024-12-18 01:43:52] [67] [ERROR] Your retry_interval is too low: 100 ms! Increase it or upgrade your hardware
[2024-12-18 01:44:13] [67] [ERROR] FAIL: get_text - waitCondition for element 'cartNumber (By.id: gh-cart-n)' not satisfied!
[2024-12-18 01:44:14] [67] [ERROR] TEST [EbayTests - testShoppingCartRemove] FAILED at [10:44:14 2024-12-18] - no such element By.id: gh-cart-n
For documentation on this error, please visit: https://selenium.dev/exceptions/#no_such_element
Build info: version: '4.7.0', revision: '0a5b49d16f'
System info: os.name: 'Mac OS X', os.arch: 'x86_64', os.version: '15.1.1', java.version: '21.0.5'
Driver info: driver.version: unknown

com.zebrunner.carina.webdriver.locator.ExtendedElementLocator.findElement(ExtendedElementLocator.java:157)
org.openqa.selenium.support.pagefactory.internal.LocatingElementHandler.invoke(LocatingElementHandler.java:39)
jdk.proxy2/jdk.proxy2.$Proxy89.getText(Unknown Source)
com.zebrunner.carina.webdriver.decorator.ExtendedWebElement$3.doGetText(ExtendedWebElement.java:1621)
com.zebrunner.carina.webdriver.decorator.ExtendedWebElement.executeAction(ExtendedWebElement.java:1415)
com.zebrunner.carina.webdriver.decorator.ExtendedWebElement.overrideAction(ExtendedWebElement.java:1531)
com.zebrunner.carina.webdriver.decorator.ExtendedWebElement.doAction(ExtendedWebElement.java:1510)
com.zebrunner.carina.webdriver.decorator.ExtendedWebElement.doAction(ExtendedWebElement.java:1487)
com.zebrunner.carina.webdriver.decorator.ExtendedWebElement.getText(ExtendedWebElement.java:362)
com.solvd.carina.demo.gui.components.HeaderComponent.getCartNumber(Header.java:70)
com.solvd.carina.demo.GUITests.testShoppingCartRemove(GUIEbayTests.java:80)
java.base/jdk.internal.reflect.DirectMethodHandleAccessor.invoke(DirectMethodHandleAccessor.java:103)
java.base/java.lang.reflect.Method.invoke(Method.java:580)
org.testng.internal.invokers.MethodInvocationHelper.invokeMethod(MethodInvocationHelper.java:139)
org.testng.internal.invokers.TestInvoker.invokeMethod(TestInvoker.java:677)
org.testng.internal.invokers.TestInvoker.invokeTestMethod(TestInvoker.java:221)
org.testng.internal.invokers.MethodRunner.runInSequence(MethodRunner.java:50)
org.testng.internal.invokers.TestInvoker$MethodInvocationAgent.invoke(TestInvoker.java:969)
org.testng.internal.invokers.TestInvoker.invokeTestMethods(TestInvoker.java:194)
org.testng.internal.invokers.TestMethodWorker.invokeTestMethods(TestMethodWorker.java:148)
org.testng.internal.invokers.TestMethodWorker.run(TestMethodWorker.java:128)
java.base/java.util.ArrayList.forEach(ArrayList.java:1596)
org.testng.TestRunner.privateRun(TestRunner.java:829)
org.testng.TestRunner.run(TestRunner.java:602)
org.testng.SuiteRunner.runTest(SuiteRunner.java:437)
org.testng.SuiteRunner$SuiteWorker.run(SuiteRunner.java:475)
org.testng.internal.thread.ThreadUtil.lambda$execute$0(ThreadUtil.java:58)
java.base/java.util.concurrent.FutureTask.run(FutureTask.java:317)
java.base/java.util.concurrent.ThreadPoolExecutor.runWorker(ThreadPoolExecutor.java:1144)
java.base/java.util.concurrent.ThreadPoolExecutor$Worker.run(ThreadPoolExecutor.java:642)
java.base/java.lang.Thread.run(Thread.java:1583)
